<?xml version="1.0" encoding="UTF-8"?>
<testng-results ignored="0" total="1" passed="1" failed="0" skipped="0">
  <reporter-output>
  </reporter-output>
  <suite started-at="2025-05-08T19:56:55 IST" name="Surefire suite" finished-at="2025-05-08T19:57:02 IST" duration-ms="7038">
    <groups>
    </groups>
    <test started-at="2025-05-08T19:56:55 IST" name="Surefire test" finished-at="2025-05-08T19:57:02 IST" duration-ms="7038">
      <class name="APISK06ScratchNew.ScratchAPISK06.AppTest">
        <test-method signature="shouldAnswerWithTrue()" started-at="2025-05-08T19:56:55 IST" name="shouldAnswerWithTrue" finished-at="2025-05-08T19:56:55 IST" duration-ms="5" status="PASS">
          <reporter-output>
          </reporter-output>
        </test-method> <!-- shouldAnswerWithTrue -->
      </class> <!-- APISK06ScratchNew.ScratchAPISK06.AppTest -->
    </test> <!-- Surefire test -->
  </suite> <!-- Surefire suite -->
</testng-results>
